TN:
SF:src\components\HabitCheckbox.jsx
FN:4,HabitCheckbox
FN:13,(anonymous_1)
FN:63,(anonymous_2)
FN:76,(anonymous_3)
FNF:4
FNH:1
FNDA:2,HabitCheckbox
FNDA:0,(anonymous_1)
FNDA:0,(anonymous_2)
FNDA:0,(anonymous_3)
DA:5,2
DA:7,2
DA:8,2
DA:9,2
DA:11,2
DA:13,0
DA:64,0
DA:65,0
DA:77,0
DA:78,0
LF:10
LH:5
BRDA:4,0,0,2
BRDA:7,1,0,0
BRDA:7,1,1,2
BRDA:8,2,0,0
BRDA:8,2,1,2
BRDA:9,3,0,0
BRDA:9,3,1,2
BRDA:13,4,0,0
BRDA:13,4,1,0
BRDA:14,5,0,0
BRDA:14,5,1,2
BRDA:16,6,0,2
BRDA:16,6,1,0
BRDA:23,7,0,1
BRDA:23,7,1,1
BRDA:28,8,0,2
BRDA:28,8,1,1
BRDA:35,9,0,1
BRDA:35,9,1,1
BRDA:41,10,0,2
BRDA:41,10,1,0
BRDA:49,11,0,0
BRDA:49,11,1,2
BRDA:50,12,0,0
BRDA:50,12,1,0
BRDA:52,13,0,1
BRDA:52,13,1,1
BRDA:54,14,0,1
BRDA:54,14,1,1
BRDA:55,15,0,0
BRDA:55,15,1,2
BRDA:55,16,0,0
BRDA:55,16,1,0
BRDA:55,17,0,0
BRDA:55,17,1,2
BRDA:61,18,0,2
BRDA:61,18,1,0
BRDA:74,19,0,2
BRDA:74,19,1,2
BRF:39
BRH:23
end_of_record
TN:
SF:src\components\HabitsList.jsx
FN:11,HabitsList
FN:17,(anonymous_1)
FN:21,(anonymous_2)
FN:26,(anonymous_3)
FN:31,(anonymous_4)
FN:43,(anonymous_5)
FN:44,(anonymous_6)
FN:57,(anonymous_7)
FN:64,handleToggleHabit
FN:70,(anonymous_9)
FN:109,handleDelete
FN:117,(anonymous_11)
FN:118,(anonymous_12)
FN:152,(anonymous_13)
FN:152,(anonymous_14)
FN:153,(anonymous_15)
FN:153,(anonymous_16)
FN:157,(anonymous_17)
FN:185,(anonymous_18)
FN:193,(anonymous_19)
FN:196,(anonymous_20)
FNF:21
FNH:8
FNDA:10,HabitsList
FNDA:4,(anonymous_1)
FNDA:2,(anonymous_2)
FNDA:2,(anonymous_3)
FNDA:0,(anonymous_4)
FNDA:1,(anonymous_5)
FNDA:1,(anonymous_6)
FNDA:1,(anonymous_7)
FNDA:0,handleToggleHabit
FNDA:0,(anonymous_9)
FNDA:0,handleDelete
FNDA:0,(anonymous_11)
FNDA:0,(anonymous_12)
FNDA:0,(anonymous_13)
FNDA:0,(anonymous_14)
FNDA:0,(anonymous_15)
FNDA:0,(anonymous_16)
FNDA:0,(anonymous_17)
FNDA:2,(anonymous_18)
FNDA:0,(anonymous_19)
FNDA:0,(anonymous_20)
DA:12,10
DA:13,10
DA:14,10
DA:15,10
DA:17,10
DA:18,4
DA:20,4
DA:21,4
DA:22,2
DA:25,2
DA:26,2
DA:27,2
DA:31,2
DA:35,2
DA:39,2
DA:43,2
DA:44,1
DA:47,2
DA:52,2
DA:53,2
DA:54,2
DA:56,2
DA:58,1
DA:59,1
DA:60,1
DA:65,0
DA:68,0
DA:69,0
DA:70,0
DA:72,0
DA:75,0
DA:80,0
DA:82,0
DA:83,0
DA:86,0
DA:87,0
DA:95,0
DA:98,0
DA:100,0
DA:104,0
DA:105,0
DA:110,0
DA:112,0
DA:113,0
DA:117,0
DA:118,0
DA:120,0
DA:125,0
DA:126,0
DA:127,0
DA:129,0
DA:130,0
DA:134,10
DA:135,8
DA:142,2
DA:145,2
DA:146,0
DA:149,2
DA:150,2
DA:152,2
DA:153,2
DA:155,2
DA:157,0
DA:186,2
DA:187,2
DA:193,0
DA:196,0
LF:67
LH:36
BRDA:22,0,0,2
BRDA:22,0,1,0
BRDA:35,1,0,2
BRDA:35,1,1,2
BRDA:56,2,0,2
BRDA:56,2,1,0
BRDA:60,3,0,1
BRDA:60,3,1,0
BRDA:69,4,0,0
BRDA:69,4,1,0
BRDA:82,5,0,0
BRDA:82,5,1,0
BRDA:82,6,0,0
BRDA:82,6,1,0
BRDA:83,7,0,0
BRDA:83,7,1,0
BRDA:95,8,0,0
BRDA:95,8,1,0
BRDA:110,9,0,0
BRDA:110,9,1,0
BRDA:134,10,0,8
BRDA:134,10,1,2
BRDA:145,11,0,0
BRDA:145,11,1,2
BRDA:145,12,0,2
BRDA:145,12,1,1
BRDA:157,13,0,0
BRDA:157,13,1,0
BRDA:191,14,0,0
BRDA:191,14,1,2
BRDA:191,15,0,0
BRDA:191,15,1,0
BRDA:195,16,0,0
BRDA:195,16,1,2
BRDA:200,17,0,10
BRDA:200,17,1,1
BRDA:204,18,0,10
BRDA:204,18,1,0
BRF:38
BRH:15
end_of_record
TN:
SF:src\components\NewHabitForm.jsx
FN:8,NewHabitForm
FN:19,createNewHabit
FN:110,(anonymous_2)
FN:112,(anonymous_3)
FN:133,(anonymous_4)
FN:147,(anonymous_5)
FN:157,(anonymous_6)
FN:169,(anonymous_7)
FN:174,(anonymous_8)
FN:190,(anonymous_9)
FN:208,(anonymous_10)
FN:212,(anonymous_11)
FN:238,(anonymous_12)
FN:254,(anonymous_13)
FNF:14
FNH:3
FNDA:6,NewHabitForm
FNDA:2,createNewHabit
FNDA:0,(anonymous_2)
FNDA:0,(anonymous_3)
FNDA:1,(anonymous_4)
FNDA:0,(anonymous_5)
FNDA:0,(anonymous_6)
FNDA:0,(anonymous_7)
FNDA:0,(anonymous_8)
FNDA:0,(anonymous_9)
FNDA:0,(anonymous_10)
FNDA:0,(anonymous_11)
FNDA:0,(anonymous_12)
FNDA:0,(anonymous_13)
DA:6,1
DA:9,6
DA:10,6
DA:11,6
DA:12,6
DA:13,6
DA:14,6
DA:15,6
DA:16,6
DA:17,6
DA:20,2
DA:22,2
DA:24,2
DA:25,1
DA:26,1
DA:29,1
DA:32,1
DA:33,1
DA:34,1
DA:36,1
DA:37,0
DA:39,0
DA:40,0
DA:41,0
DA:42,0
DA:45,0
DA:46,0
DA:47,0
DA:49,0
DA:50,0
DA:51,0
DA:52,0
DA:54,0
DA:57,1
DA:58,1
DA:59,0
DA:60,0
DA:61,0
DA:62,0
DA:63,0
DA:64,0
DA:65,0
DA:67,0
DA:71,1
DA:72,0
DA:73,0
DA:74,0
DA:77,1
DA:78,1
DA:91,1
DA:92,1
DA:93,1
DA:94,1
DA:95,1
DA:96,1
DA:97,1
DA:98,1
DA:100,1
DA:101,1
DA:102,1
DA:104,0
DA:106,1
DA:110,6
DA:111,0
DA:112,0
DA:114,0
DA:118,6
DA:133,1
DA:147,0
DA:157,0
DA:169,0
DA:174,0
DA:190,0
DA:209,0
DA:212,0
DA:238,0
DA:254,0
LF:77
LH:40
BRDA:22,0,0,0
BRDA:22,0,1,2
BRDA:24,1,0,1
BRDA:24,1,1,1
BRDA:36,2,0,0
BRDA:36,2,1,1
BRDA:37,3,0,0
BRDA:37,3,1,0
BRDA:49,4,0,0
BRDA:49,4,1,0
BRDA:57,5,0,1
BRDA:57,5,1,0
BRDA:59,6,0,0
BRDA:59,6,1,0
BRDA:61,7,0,0
BRDA:61,7,1,0
BRDA:62,8,0,0
BRDA:62,8,1,0
BRDA:62,9,0,0
BRDA:62,9,1,0
BRDA:62,9,2,0
BRDA:71,10,0,0
BRDA:71,10,1,1
BRDA:71,11,0,1
BRDA:71,11,1,1
BRDA:71,11,2,1
BRDA:85,12,0,0
BRDA:85,12,1,1
BRDA:101,13,0,0
BRDA:101,13,1,1
BRDA:111,14,0,0
BRDA:111,14,1,0
BRDA:170,15,0,6
BRDA:170,15,1,0
BRDA:172,16,0,6
BRDA:172,16,1,6
BRDA:180,17,0,6
BRDA:180,17,1,0
BRDA:202,18,0,6
BRDA:202,18,1,0
BRDA:215,19,0,0
BRDA:215,19,1,0
BRDA:228,20,0,6
BRDA:228,20,1,0
BRDA:269,21,0,1
BRDA:269,21,1,5
BRF:46
BRH:19
end_of_record
TN:
SF:src\utils\generate-dates-from-year-beginning.js
FN:3,generateDatesFromYearBeginning
FNF:1
FNH:1
FNDA:3,generateDatesFromYearBeginning
DA:4,3
DA:5,3
DA:7,3
DA:8,3
DA:10,3
DA:11,1032
DA:12,1032
DA:15,3
LF:8
LH:8
BRF:0
BRH:0
end_of_record
TN:
SF:src\utils\generate-summary-dates.js
FN:3,generateSummaryDates
FNF:1
FNH:1
FNDA:3,generateSummaryDates
DA:5,3
DA:7,3
DA:8,3
DA:14,3
DA:16,3
DA:17,315
DA:18,315
DA:21,3
LF:8
LH:8
BRF:0
BRH:0
end_of_record
TN:
SF:src\utils\habit-utils.js
FN:1,sortHabits
FN:2,(anonymous_1)
FNF:2
FNH:2
FNDA:5,sortHabits
FNDA:4,(anonymous_1)
DA:2,5
DA:3,4
DA:4,4
DA:7,4
DA:8,3
DA:9,3
DA:13,3
DA:14,3
DA:17,0
LF:9
LH:8
BRDA:7,0,0,3
BRDA:7,0,1,1
BRDA:7,1,0,4
BRDA:7,1,1,3
BRDA:9,2,0,1
BRDA:9,2,1,2
BRDA:13,3,0,3
BRDA:13,3,1,0
BRDA:13,4,0,3
BRDA:13,4,1,3
BRF:10
BRH:9
end_of_record
