TN:
SF:src\components\HabitCheckbox.jsx
FN:4,HabitCheckbox
FN:13,(anonymous_1)
FN:63,(anonymous_2)
FN:76,(anonymous_3)
FNF:4
FNH:4
FNDA:8,HabitCheckbox
FNDA:2,(anonymous_1)
FNDA:1,(anonymous_2)
FNDA:1,(anonymous_3)
DA:5,8
DA:7,8
DA:8,8
DA:9,8
DA:11,8
DA:13,2
DA:64,1
DA:65,1
DA:77,1
DA:78,1
LF:10
LH:10
BRDA:4,0,0,8
BRDA:7,1,0,1
BRDA:7,1,1,7
BRDA:8,2,0,1
BRDA:8,2,1,7
BRDA:9,3,0,1
BRDA:9,3,1,7
BRDA:13,4,0,2
BRDA:13,4,1,1
BRDA:14,5,0,1
BRDA:14,5,1,7
BRDA:16,6,0,8
BRDA:16,6,1,1
BRDA:23,7,0,1
BRDA:23,7,1,7
BRDA:28,8,0,8
BRDA:28,8,1,1
BRDA:35,9,0,1
BRDA:35,9,1,7
BRDA:41,10,0,8
BRDA:41,10,1,1
BRDA:49,11,0,1
BRDA:49,11,1,7
BRDA:50,12,0,0
BRDA:50,12,1,1
BRDA:52,13,0,1
BRDA:52,13,1,6
BRDA:54,14,0,1
BRDA:54,14,1,7
BRDA:55,15,0,1
BRDA:55,15,1,7
BRDA:55,16,0,0
BRDA:55,16,1,1
BRDA:55,17,0,1
BRDA:55,17,1,6
BRDA:61,18,0,8
BRDA:61,18,1,1
BRDA:74,19,0,8
BRDA:74,19,1,3
BRF:39
BRH:37
end_of_record
TN:
SF:src\components\HabitsList.jsx
FN:11,HabitsList
FN:17,(anonymous_1)
FN:21,(anonymous_2)
FN:26,(anonymous_3)
FN:31,(anonymous_4)
FN:43,(anonymous_5)
FN:44,(anonymous_6)
FN:57,(anonymous_7)
FN:64,handleToggleHabit
FN:70,(anonymous_9)
FN:109,handleDelete
FN:117,(anonymous_11)
FN:118,(anonymous_12)
FN:152,(anonymous_13)
FN:152,(anonymous_14)
FN:153,(anonymous_15)
FN:153,(anonymous_16)
FN:157,(anonymous_17)
FN:185,(anonymous_18)
FN:193,(anonymous_19)
FN:196,(anonymous_20)
FNF:21
FNH:8
FNDA:10,HabitsList
FNDA:4,(anonymous_1)
FNDA:2,(anonymous_2)
FNDA:2,(anonymous_3)
FNDA:0,(anonymous_4)
FNDA:1,(anonymous_5)
FNDA:1,(anonymous_6)
FNDA:1,(anonymous_7)
FNDA:0,handleToggleHabit
FNDA:0,(anonymous_9)
FNDA:0,handleDelete
FNDA:0,(anonymous_11)
FNDA:0,(anonymous_12)
FNDA:0,(anonymous_13)
FNDA:0,(anonymous_14)
FNDA:0,(anonymous_15)
FNDA:0,(anonymous_16)
FNDA:0,(anonymous_17)
FNDA:2,(anonymous_18)
FNDA:0,(anonymous_19)
FNDA:0,(anonymous_20)
DA:12,10
DA:13,10
DA:14,10
DA:15,10
DA:17,10
DA:18,4
DA:20,4
DA:21,4
DA:22,2
DA:25,2
DA:26,2
DA:27,2
DA:31,2
DA:35,2
DA:39,2
DA:43,2
DA:44,1
DA:47,2
DA:52,2
DA:53,2
DA:54,2
DA:56,2
DA:58,1
DA:59,1
DA:60,1
DA:65,0
DA:68,0
DA:69,0
DA:70,0
DA:72,0
DA:75,0
DA:80,0
DA:82,0
DA:83,0
DA:86,0
DA:87,0
DA:95,0
DA:98,0
DA:100,0
DA:104,0
DA:105,0
DA:110,0
DA:112,0
DA:113,0
DA:117,0
DA:118,0
DA:120,0
DA:125,0
DA:126,0
DA:127,0
DA:129,0
DA:130,0
DA:134,10
DA:135,8
DA:142,2
DA:145,2
DA:146,0
DA:149,2
DA:150,2
DA:152,2
DA:153,2
DA:155,2
DA:157,0
DA:186,2
DA:187,2
DA:193,0
DA:196,0
LF:67
LH:36
BRDA:22,0,0,2
BRDA:22,0,1,0
BRDA:35,1,0,2
BRDA:35,1,1,2
BRDA:56,2,0,2
BRDA:56,2,1,0
BRDA:60,3,0,1
BRDA:60,3,1,0
BRDA:69,4,0,0
BRDA:69,4,1,0
BRDA:82,5,0,0
BRDA:82,5,1,0
BRDA:82,6,0,0
BRDA:82,6,1,0
BRDA:83,7,0,0
BRDA:83,7,1,0
BRDA:95,8,0,0
BRDA:95,8,1,0
BRDA:110,9,0,0
BRDA:110,9,1,0
BRDA:134,10,0,8
BRDA:134,10,1,2
BRDA:145,11,0,0
BRDA:145,11,1,2
BRDA:145,12,0,2
BRDA:145,12,1,1
BRDA:157,13,0,0
BRDA:157,13,1,0
BRDA:191,14,0,0
BRDA:191,14,1,2
BRDA:191,15,0,0
BRDA:191,15,1,0
BRDA:195,16,0,0
BRDA:195,16,1,2
BRDA:200,17,0,10
BRDA:200,17,1,1
BRDA:204,18,0,10
BRDA:204,18,1,0
BRF:38
BRH:15
end_of_record
TN:
SF:src\components\NewHabitForm.jsx
FN:8,NewHabitForm
FN:19,createNewHabit
FN:110,(anonymous_2)
FN:112,(anonymous_3)
FN:133,(anonymous_4)
FN:147,(anonymous_5)
FN:157,(anonymous_6)
FN:169,(anonymous_7)
FN:174,(anonymous_8)
FN:190,(anonymous_9)
FN:208,(anonymous_10)
FN:212,(anonymous_11)
FN:238,(anonymous_12)
FN:254,(anonymous_13)
FNF:14
FNH:11
FNDA:24,NewHabitForm
FNDA:5,createNewHabit
FNDA:1,(anonymous_2)
FNDA:7,(anonymous_3)
FNDA:4,(anonymous_4)
FNDA:0,(anonymous_5)
FNDA:0,(anonymous_6)
FNDA:0,(anonymous_7)
FNDA:1,(anonymous_8)
FNDA:2,(anonymous_9)
FNDA:21,(anonymous_10)
FNDA:1,(anonymous_11)
FNDA:1,(anonymous_12)
FNDA:1,(anonymous_13)
DA:6,1
DA:9,24
DA:10,24
DA:11,24
DA:12,24
DA:13,24
DA:14,24
DA:15,24
DA:16,24
DA:17,24
DA:20,5
DA:22,5
DA:24,5
DA:25,1
DA:26,1
DA:29,4
DA:32,4
DA:33,4
DA:34,4
DA:36,4
DA:37,1
DA:39,0
DA:40,0
DA:41,0
DA:42,0
DA:45,1
DA:46,1
DA:47,1
DA:49,1
DA:50,0
DA:51,0
DA:52,0
DA:54,1
DA:57,3
DA:58,1
DA:59,2
DA:60,1
DA:61,1
DA:62,1
DA:63,0
DA:64,0
DA:65,0
DA:67,1
DA:71,4
DA:72,0
DA:73,0
DA:74,0
DA:77,4
DA:78,4
DA:91,4
DA:92,4
DA:93,4
DA:94,4
DA:95,4
DA:96,4
DA:97,4
DA:98,4
DA:100,4
DA:101,4
DA:102,4
DA:104,0
DA:106,4
DA:110,24
DA:111,1
DA:112,7
DA:114,0
DA:118,24
DA:133,4
DA:147,0
DA:157,0
DA:169,0
DA:174,1
DA:190,2
DA:209,21
DA:212,1
DA:238,1
DA:254,1
LF:77
LH:59
BRDA:22,0,0,0
BRDA:22,0,1,5
BRDA:24,1,0,1
BRDA:24,1,1,4
BRDA:36,2,0,1
BRDA:36,2,1,3
BRDA:37,3,0,0
BRDA:37,3,1,1
BRDA:49,4,0,0
BRDA:49,4,1,1
BRDA:57,5,0,1
BRDA:57,5,1,2
BRDA:59,6,0,1
BRDA:59,6,1,1
BRDA:61,7,0,1
BRDA:61,7,1,0
BRDA:62,8,0,0
BRDA:62,8,1,1
BRDA:62,9,0,1
BRDA:62,9,1,1
BRDA:62,9,2,1
BRDA:71,10,0,0
BRDA:71,10,1,4
BRDA:71,11,0,4
BRDA:71,11,1,3
BRDA:71,11,2,2
BRDA:85,12,0,1
BRDA:85,12,1,3
BRDA:101,13,0,0
BRDA:101,13,1,4
BRDA:111,14,0,1
BRDA:111,14,1,0
BRDA:170,15,0,21
BRDA:170,15,1,3
BRDA:172,16,0,24
BRDA:172,16,1,21
BRDA:180,17,0,21
BRDA:180,17,1,3
BRDA:202,18,0,21
BRDA:202,18,1,3
BRDA:215,19,0,19
BRDA:215,19,1,2
BRDA:228,20,0,21
BRDA:228,20,1,3
BRDA:269,21,0,4
BRDA:269,21,1,20
BRF:46
BRH:38
end_of_record
TN:
SF:src\components\ProfileDialog.jsx
FN:8,ProfileDialog
FN:17,(anonymous_1)
FN:26,handleUpdateProfile
FN:67,handleLogout
FN:104,(anonymous_4)
FN:119,(anonymous_5)
FN:136,(anonymous_6)
FN:152,(anonymous_7)
FN:169,(anonymous_8)
FNF:9
FNH:8
FNDA:18,ProfileDialog
FNDA:5,(anonymous_1)
FNDA:2,handleUpdateProfile
FNDA:1,handleLogout
FNDA:1,(anonymous_4)
FNDA:0,(anonymous_5)
FNDA:2,(anonymous_6)
FNDA:1,(anonymous_7)
FNDA:1,(anonymous_8)
DA:9,18
DA:10,18
DA:11,18
DA:12,18
DA:13,18
DA:14,18
DA:15,18
DA:17,18
DA:18,5
DA:19,5
DA:20,5
DA:21,5
DA:22,5
DA:27,2
DA:29,2
DA:30,1
DA:31,1
DA:34,1
DA:36,1
DA:37,1
DA:48,1
DA:49,1
DA:50,1
DA:51,1
DA:52,1
DA:53,1
DA:56,1
DA:57,1
DA:58,1
DA:59,1
DA:61,0
DA:63,1
DA:68,1
DA:69,1
DA:70,1
DA:71,1
DA:74,18
DA:104,1
DA:119,0
DA:136,2
DA:152,1
DA:169,1
LF:42
LH:40
BRDA:19,0,0,5
BRDA:19,0,1,0
BRDA:29,1,0,1
BRDA:29,1,1,1
BRDA:29,2,0,2
BRDA:29,2,1,1
BRDA:43,3,0,1
BRDA:43,3,1,1
BRDA:49,4,0,1
BRDA:49,4,1,0
BRDA:53,5,0,0
BRDA:53,5,1,1
BRDA:160,6,0,18
BRDA:160,6,1,3
BRDA:184,7,0,1
BRDA:184,7,1,17
BRF:16
BRH:13
end_of_record
TN:
SF:src\components\ScheduledHabitsList.jsx
FN:13,ScheduledHabitsList
FN:22,(anonymous_1)
FN:23,(anonymous_2)
FN:32,(anonymous_3)
FN:38,(anonymous_4)
FN:48,(anonymous_5)
FN:61,(anonymous_6)
FN:61,(anonymous_7)
FN:62,(anonymous_8)
FN:62,(anonymous_9)
FN:64,handleDelete
FN:72,(anonymous_11)
FN:81,(anonymous_12)
FN:85,getFrequencyString
FN:96,(anonymous_14)
FN:103,(anonymous_15)
FN:104,(anonymous_16)
FN:112,(anonymous_17)
FN:117,(anonymous_18)
FN:151,(anonymous_19)
FN:161,(anonymous_20)
FN:165,(anonymous_21)
FN:172,(anonymous_22)
FN:179,(anonymous_23)
FN:192,(anonymous_24)
FN:220,(anonymous_25)
FN:228,(anonymous_26)
FNF:27
FNH:13
FNDA:12,ScheduledHabitsList
FNDA:5,(anonymous_1)
FNDA:4,(anonymous_2)
FNDA:0,(anonymous_3)
FNDA:8,(anonymous_4)
FNDA:10,(anonymous_5)
FNDA:0,(anonymous_6)
FNDA:0,(anonymous_7)
FNDA:0,(anonymous_8)
FNDA:0,(anonymous_9)
FNDA:1,handleDelete
FNDA:1,(anonymous_11)
FNDA:0,(anonymous_12)
FNDA:8,getFrequencyString
FNDA:3,(anonymous_14)
FNDA:0,(anonymous_15)
FNDA:3,(anonymous_16)
FNDA:0,(anonymous_17)
FNDA:0,(anonymous_18)
FNDA:0,(anonymous_19)
FNDA:0,(anonymous_20)
FNDA:0,(anonymous_21)
FNDA:0,(anonymous_22)
FNDA:0,(anonymous_23)
FNDA:8,(anonymous_24)
FNDA:1,(anonymous_25)
FNDA:1,(anonymous_26)
DA:11,1
DA:14,12
DA:15,12
DA:16,12
DA:17,12
DA:18,12
DA:19,12
DA:20,12
DA:22,12
DA:23,5
DA:24,4
DA:26,4
DA:27,4
DA:29,0
DA:31,4
DA:33,0
DA:34,0
DA:38,12
DA:39,8
DA:40,8
DA:41,0
DA:42,0
DA:43,0
DA:46,12
DA:48,12
DA:49,10
DA:50,0
DA:54,12
DA:55,5
DA:58,7
DA:59,7
DA:61,7
DA:62,7
DA:65,1
DA:67,1
DA:68,1
DA:72,1
DA:73,1
DA:74,1
DA:76,0
DA:77,0
DA:81,7
DA:82,0
DA:86,8
DA:88,2
DA:89,2
DA:92,6
DA:93,0
DA:96,6
DA:97,8
DA:98,2
DA:99,2
DA:100,2
DA:102,2
DA:103,0
DA:104,3
DA:108,7
DA:112,0
DA:117,0
DA:151,0
DA:161,0
DA:165,0
DA:172,0
DA:179,0
DA:193,8
DA:194,8
DA:220,1
DA:228,1
LF:68
LH:49
BRDA:24,0,0,4
BRDA:24,0,1,0
BRDA:31,1,0,4
BRDA:31,1,1,0
BRDA:34,2,0,0
BRDA:34,2,1,0
BRDA:38,3,0,7
BRDA:38,3,1,5
BRDA:40,4,0,8
BRDA:40,4,1,0
BRDA:41,5,0,0
BRDA:41,5,1,0
BRDA:42,6,0,0
BRDA:42,6,1,0
BRDA:49,7,0,0
BRDA:49,7,1,10
BRDA:49,8,0,10
BRDA:49,8,1,6
BRDA:54,9,0,5
BRDA:54,9,1,7
BRDA:65,10,0,0
BRDA:65,10,1,1
BRDA:86,11,0,2
BRDA:86,11,1,6
BRDA:92,12,0,0
BRDA:92,12,1,6
BRDA:97,13,0,4
BRDA:97,13,1,4
BRDA:97,14,0,8
BRDA:97,14,1,6
BRDA:98,15,0,0
BRDA:98,15,1,2
BRDA:99,16,0,0
BRDA:99,16,1,2
BRDA:99,17,0,2
BRDA:99,17,1,0
BRDA:99,17,2,0
BRDA:100,18,0,0
BRDA:100,18,1,2
BRDA:100,19,0,2
BRDA:100,19,1,1
BRDA:100,19,2,0
BRDA:117,20,0,0
BRDA:117,20,1,0
BRDA:157,21,0,12
BRDA:157,21,1,0
BRDA:166,22,0,0
BRDA:166,22,1,0
BRDA:169,23,0,0
BRDA:169,23,1,0
BRDA:173,24,0,0
BRDA:173,24,1,0
BRDA:176,25,0,0
BRDA:176,25,1,0
BRDA:180,26,0,0
BRDA:180,26,1,0
BRDA:183,27,0,0
BRDA:183,27,1,0
BRDA:198,28,0,2
BRDA:198,28,1,6
BRDA:207,29,0,2
BRDA:207,29,1,6
BRDA:209,30,0,8
BRDA:209,30,1,8
BRDA:209,30,2,0
BRDA:212,31,0,0
BRDA:212,31,1,0
BRDA:238,32,0,12
BRDA:238,32,1,1
BRDA:244,33,0,12
BRDA:244,33,1,0
BRF:71
BRH:34
end_of_record
TN:
SF:src\utils\generate-dates-from-year-beginning.js
FN:3,generateDatesFromYearBeginning
FNF:1
FNH:1
FNDA:3,generateDatesFromYearBeginning
DA:4,3
DA:5,3
DA:7,3
DA:8,3
DA:10,3
DA:11,1032
DA:12,1032
DA:15,3
LF:8
LH:8
BRF:0
BRH:0
end_of_record
TN:
SF:src\utils\generate-summary-dates.js
FN:3,generateSummaryDates
FNF:1
FNH:1
FNDA:3,generateSummaryDates
DA:5,3
DA:7,3
DA:8,3
DA:14,3
DA:16,3
DA:17,315
DA:18,315
DA:21,3
LF:8
LH:8
BRF:0
BRH:0
end_of_record
TN:
SF:src\utils\habit-utils.js
FN:1,sortHabits
FN:2,(anonymous_1)
FNF:2
FNH:2
FNDA:9,sortHabits
FNDA:6,(anonymous_1)
DA:2,9
DA:3,6
DA:4,6
DA:7,6
DA:8,4
DA:9,4
DA:13,4
DA:14,4
DA:17,0
LF:9
LH:8
BRDA:7,0,0,4
BRDA:7,0,1,2
BRDA:7,1,0,6
BRDA:7,1,1,4
BRDA:9,2,0,2
BRDA:9,2,1,2
BRDA:13,3,0,4
BRDA:13,3,1,0
BRDA:13,4,0,4
BRDA:13,4,1,4
BRF:10
BRH:9
end_of_record
